running egg_info
creating ../../build/ros2_basics/ros2_basics.egg-info
writing ../../build/ros2_basics/ros2_basics.egg-info/PKG-INFO
writing dependency_links to ../../build/ros2_basics/ros2_basics.egg-info/dependency_links.txt
writing entry points to ../../build/ros2_basics/ros2_basics.egg-info/entry_points.txt
writing requirements to ../../build/ros2_basics/ros2_basics.egg-info/requires.txt
writing top-level names to ../../build/ros2_basics/ros2_basics.egg-info/top_level.txt
writing manifest file '../../build/ros2_basics/ros2_basics.egg-info/SOURCES.txt'
reading manifest file '../../build/ros2_basics/ros2_basics.egg-info/SOURCES.txt'
writing manifest file '../../build/ros2_basics/ros2_basics.egg-info/SOURCES.txt'
running build
running build_py
creating /home/skynet/ros2_ws/build/ros2_basics/build
creating /home/skynet/ros2_ws/build/ros2_basics/build/lib
creating /home/skynet/ros2_ws/build/ros2_basics/build/lib/ros2_basics
copying ros2_basics/__init__.py -> /home/skynet/ros2_ws/build/ros2_basics/build/lib/ros2_basics
running install
/usr/lib/python3/dist-packages/setuptools/command/install.py:34: SetuptoolsDeprecationWarning: setup.py install is deprecated. Use build and pip and other standards-based tools.
  warnings.warn(
running install_lib
creating /home/skynet/ros2_ws/install/ros2_basics/lib/python3.10/site-packages/ros2_basics
copying /home/skynet/ros2_ws/build/ros2_basics/build/lib/ros2_basics/__init__.py -> /home/skynet/ros2_ws/install/ros2_basics/lib/python3.10/site-packages/ros2_basics
byte-compiling /home/skynet/ros2_ws/install/ros2_basics/lib/python3.10/site-packages/ros2_basics/__init__.py to __init__.cpython-310.pyc
running install_data
creating /home/skynet/ros2_ws/install/ros2_basics/share/ament_index
creating /home/skynet/ros2_ws/install/ros2_basics/share/ament_index/resource_index
creating /home/skynet/ros2_ws/install/ros2_basics/share/ament_index/resource_index/packages
copying resource/ros2_basics -> /home/skynet/ros2_ws/install/ros2_basics/share/ament_index/resource_index/packages
copying package.xml -> /home/skynet/ros2_ws/install/ros2_basics/share/ros2_basics
running install_egg_info
Copying ../../build/ros2_basics/ros2_basics.egg-info to /home/skynet/ros2_ws/install/ros2_basics/lib/python3.10/site-packages/ros2_basics-0.0.0-py3.10.egg-info
running install_scripts
writing list of installed files to '/home/skynet/ros2_ws/build/ros2_basics/install.log'
