[0.346s] Invoking command in '/home/skynet/ros2_ws/src/ros2_basics': PYTHONPATH=/home/skynet/ros2_ws/build/ros2_basics/prefix_override:/home/skynet/ros2_ws/install/ros2_basics/lib/python3.10/site-packages:${PYTHONPATH} /usr/bin/python3 setup.py egg_info --egg-base ../../build/ros2_basics build --build-base /home/skynet/ros2_ws/build/ros2_basics/build install --record /home/skynet/ros2_ws/build/ros2_basics/install.log --single-version-externally-managed
[0.457s] running egg_info
[0.457s] creating ../../build/ros2_basics/ros2_basics.egg-info
[0.457s] writing ../../build/ros2_basics/ros2_basics.egg-info/PKG-INFO
[0.457s] writing dependency_links to ../../build/ros2_basics/ros2_basics.egg-info/dependency_links.txt
[0.457s] writing entry points to ../../build/ros2_basics/ros2_basics.egg-info/entry_points.txt
[0.458s] writing requirements to ../../build/ros2_basics/ros2_basics.egg-info/requires.txt
[0.458s] writing top-level names to ../../build/ros2_basics/ros2_basics.egg-info/top_level.txt
[0.458s] writing manifest file '../../build/ros2_basics/ros2_basics.egg-info/SOURCES.txt'
[0.458s] reading manifest file '../../build/ros2_basics/ros2_basics.egg-info/SOURCES.txt'
[0.459s] writing manifest file '../../build/ros2_basics/ros2_basics.egg-info/SOURCES.txt'
[0.459s] running build
[0.459s] running build_py
[0.459s] creating /home/skynet/ros2_ws/build/ros2_basics/build
[0.459s] creating /home/skynet/ros2_ws/build/ros2_basics/build/lib
[0.459s] creating /home/skynet/ros2_ws/build/ros2_basics/build/lib/ros2_basics
[0.459s] copying ros2_basics/__init__.py -> /home/skynet/ros2_ws/build/ros2_basics/build/lib/ros2_basics
[0.459s] running install
[0.459s] /usr/lib/python3/dist-packages/setuptools/command/install.py:34: SetuptoolsDeprecationWarning: setup.py install is deprecated. Use build and pip and other standards-based tools.
[0.459s]   warnings.warn(
[0.459s] running install_lib
[0.460s] creating /home/skynet/ros2_ws/install/ros2_basics/lib/python3.10/site-packages/ros2_basics
[0.460s] copying /home/skynet/ros2_ws/build/ros2_basics/build/lib/ros2_basics/__init__.py -> /home/skynet/ros2_ws/install/ros2_basics/lib/python3.10/site-packages/ros2_basics
[0.460s] byte-compiling /home/skynet/ros2_ws/install/ros2_basics/lib/python3.10/site-packages/ros2_basics/__init__.py to __init__.cpython-310.pyc
[0.460s] running install_data
[0.460s] creating /home/skynet/ros2_ws/install/ros2_basics/share/ament_index
[0.460s] creating /home/skynet/ros2_ws/install/ros2_basics/share/ament_index/resource_index
[0.460s] creating /home/skynet/ros2_ws/install/ros2_basics/share/ament_index/resource_index/packages
[0.460s] copying resource/ros2_basics -> /home/skynet/ros2_ws/install/ros2_basics/share/ament_index/resource_index/packages
[0.460s] copying package.xml -> /home/skynet/ros2_ws/install/ros2_basics/share/ros2_basics
[0.460s] running install_egg_info
[0.461s] Copying ../../build/ros2_basics/ros2_basics.egg-info to /home/skynet/ros2_ws/install/ros2_basics/lib/python3.10/site-packages/ros2_basics-0.0.0-py3.10.egg-info
[0.462s] running install_scripts
[0.474s] writing list of installed files to '/home/skynet/ros2_ws/build/ros2_basics/install.log'
[0.487s] Invoked command in '/home/skynet/ros2_ws/src/ros2_basics' returned '0': PYTHONPATH=/home/skynet/ros2_ws/build/ros2_basics/prefix_override:/home/skynet/ros2_ws/install/ros2_basics/lib/python3.10/site-packages:${PYTHONPATH} /usr/bin/python3 setup.py egg_info --egg-base ../../build/ros2_basics build --build-base /home/skynet/ros2_ws/build/ros2_basics/build install --record /home/skynet/ros2_ws/build/ros2_basics/install.log --single-version-externally-managed
