[0.395s] DEBUG:colcon:Command line arguments: ['/usr/bin/colcon', 'build']
[0.395s] DEBUG:colcon:Parsed command line arguments: Namespace(log_base=None, log_level=None, verb_name='build', build_base='build', install_base='install', merge_install=False, symlink_install=False, test_result_base=None, continue_on_error=False, executor='parallel', parallel_workers=16, event_handlers=None, ignore_user_meta=False, metas=['./colcon.meta'], base_paths=['.'], packages_ignore=None, packages_ignore_regex=None, paths=None, packages_up_to=None, packages_up_to_regex=None, packages_above=None, packages_above_and_dependencies=None, packages_above_depth=None, packages_select_by_dep=None, packages_skip_by_dep=None, packages_skip_up_to=None, packages_select_build_failed=False, packages_skip_build_finished=False, packages_select_test_failures=False, packages_skip_test_passed=False, packages_select=None, packages_skip=None, packages_select_regex=None, packages_skip_regex=None, packages_start=None, packages_end=None, allow_overriding=[], cmake_args=None, cmake_target=None, cmake_target_skip_unavailable=False, cmake_clean_cache=False, cmake_clean_first=False, cmake_force_configure=False, ament_cmake_args=None, catkin_cmake_args=None, catkin_skip_building_tests=False, verb_parser=<colcon_defaults.argument_parser.defaults.DefaultArgumentsDecorator object at 0x7fb1ad065a50>, verb_extension=<colcon_core.verb.build.BuildVerb object at 0x7fb1ae2d7f40>, main=<bound method BuildVerb.main of <colcon_core.verb.build.BuildVerb object at 0x7fb1ae2d7f40>>)
[0.415s] Level 1:colcon.colcon_core.package_discovery:discover_packages(colcon_meta) check parameters
[0.415s] Level 1:colcon.colcon_core.package_discovery:discover_packages(recursive) check parameters
[0.416s] Level 1:colcon.colcon_core.package_discovery:discover_packages(ignore) check parameters
[0.416s] Level 1:colcon.colcon_core.package_discovery:discover_packages(path) check parameters
[0.416s] Level 1:colcon.colcon_core.package_discovery:discover_packages(colcon_meta) discover
[0.416s] Level 1:colcon.colcon_core.package_discovery:discover_packages(recursive) discover
[0.416s] INFO:colcon.colcon_core.package_discovery:Crawling recursively for packages in '/home/skynet/ros2_ws'
[0.416s] Level 1:colcon.colcon_core.package_identification:_identify(.) by extensions ['ignore', 'ignore_ament_install']
[0.416s] Level 1:colcon.colcon_core.package_identification:_identify(.) by extension 'ignore'
[0.416s] Level 1:colcon.colcon_core.package_identification:_identify(.) by extension 'ignore_ament_install'
[0.416s] Level 1:colcon.colcon_core.package_identification:_identify(.) by extensions ['colcon_pkg']
[0.416s] Level 1:colcon.colcon_core.package_identification:_identify(.) by extension 'colcon_pkg'
[0.416s] Level 1:colcon.colcon_core.package_identification:_identify(.) by extensions ['colcon_meta']
[0.416s] Level 1:colcon.colcon_core.package_identification:_identify(.) by extension 'colcon_meta'
[0.416s] Level 1:colcon.colcon_core.package_identification:_identify(.) by extensions ['ros']
[0.416s] Level 1:colcon.colcon_core.package_identification:_identify(.) by extension 'ros'
[0.422s] Level 1:colcon.colcon_core.package_identification:_identify(.) by extensions ['cmake', 'python']
[0.422s] Level 1:colcon.colcon_core.package_identification:_identify(.) by extension 'cmake'
[0.422s] Level 1:colcon.colcon_core.package_identification:_identify(.) by extension 'python'
[0.422s] Level 1:colcon.colcon_core.package_identification:_identify(.) by extensions ['python_setup_py']
[0.422s] Level 1:colcon.colcon_core.package_identification:_identify(.) by extension 'python_setup_py'
[0.422s] Level 1:colcon.colcon_core.package_identification:_identify(build) by extensions ['ignore', 'ignore_ament_install']
[0.422s] Level 1:colcon.colcon_core.package_identification:_identify(build) by extension 'ignore'
[0.422s] Level 1:colcon.colcon_core.package_identification:_identify(build) ignored
[0.422s] Level 1:colcon.colcon_core.package_identification:_identify(install) by extensions ['ignore', 'ignore_ament_install']
[0.422s] Level 1:colcon.colcon_core.package_identification:_identify(install) by extension 'ignore'
[0.422s] Level 1:colcon.colcon_core.package_identification:_identify(install) ignored
[0.422s] Level 1:colcon.colcon_core.package_identification:_identify(log) by extensions ['ignore', 'ignore_ament_install']
[0.422s] Level 1:colcon.colcon_core.package_identification:_identify(log) by extension 'ignore'
[0.422s] Level 1:colcon.colcon_core.package_identification:_identify(log) ignored
[0.422s] Level 1:colcon.colcon_core.package_identification:_identify(src) by extensions ['ignore', 'ignore_ament_install']
[0.422s] Level 1:colcon.colcon_core.package_identification:_identify(src) by extension 'ignore'
[0.422s] Level 1:colcon.colcon_core.package_identification:_identify(src) by extension 'ignore_ament_install'
[0.422s] Level 1:colcon.colcon_core.package_identification:_identify(src) by extensions ['colcon_pkg']
[0.422s] Level 1:colcon.colcon_core.package_identification:_identify(src) by extension 'colcon_pkg'
[0.422s] Level 1:colcon.colcon_core.package_identification:_identify(src) by extensions ['colcon_meta']
[0.422s] Level 1:colcon.colcon_core.package_identification:_identify(src) by extension 'colcon_meta'
[0.422s] Level 1:colcon.colcon_core.package_identification:_identify(src) by extensions ['ros']
[0.422s] Level 1:colcon.colcon_core.package_identification:_identify(src) by extension 'ros'
[0.422s] Level 1:colcon.colcon_core.package_identification:_identify(src) by extensions ['cmake', 'python']
[0.422s] Level 1:colcon.colcon_core.package_identification:_identify(src) by extension 'cmake'
[0.422s] Level 1:colcon.colcon_core.package_identification:_identify(src) by extension 'python'
[0.422s] Level 1:colcon.colcon_core.package_identification:_identify(src) by extensions ['python_setup_py']
[0.422s] Level 1:colcon.colcon_core.package_identification:_identify(src) by extension 'python_setup_py'
[0.422s] Level 1:colcon.colcon_core.package_identification:_identify(src/ros2_basics) by extensions ['ignore', 'ignore_ament_install']
[0.422s] Level 1:colcon.colcon_core.package_identification:_identify(src/ros2_basics) by extension 'ignore'
[0.422s] Level 1:colcon.colcon_core.package_identification:_identify(src/ros2_basics) by extension 'ignore_ament_install'
[0.422s] Level 1:colcon.colcon_core.package_identification:_identify(src/ros2_basics) by extensions ['colcon_pkg']
[0.422s] Level 1:colcon.colcon_core.package_identification:_identify(src/ros2_basics) by extension 'colcon_pkg'
[0.422s] Level 1:colcon.colcon_core.package_identification:_identify(src/ros2_basics) by extensions ['colcon_meta']
[0.422s] Level 1:colcon.colcon_core.package_identification:_identify(src/ros2_basics) by extension 'colcon_meta'
[0.422s] Level 1:colcon.colcon_core.package_identification:_identify(src/ros2_basics) by extensions ['ros']
[0.422s] Level 1:colcon.colcon_core.package_identification:_identify(src/ros2_basics) by extension 'ros'
[0.424s] DEBUG:colcon.colcon_core.package_identification:Package 'src/ros2_basics' with type 'ros.ament_python' and name 'ros2_basics'
[0.424s] Level 1:colcon.colcon_core.package_identification:_identify(src/rplidar_ros) by extensions ['ignore', 'ignore_ament_install']
[0.424s] Level 1:colcon.colcon_core.package_identification:_identify(src/rplidar_ros) by extension 'ignore'
[0.424s] Level 1:colcon.colcon_core.package_identification:_identify(src/rplidar_ros) by extension 'ignore_ament_install'
[0.424s] Level 1:colcon.colcon_core.package_identification:_identify(src/rplidar_ros) by extensions ['colcon_pkg']
[0.424s] Level 1:colcon.colcon_core.package_identification:_identify(src/rplidar_ros) by extension 'colcon_pkg'
[0.424s] Level 1:colcon.colcon_core.package_identification:_identify(src/rplidar_ros) by extensions ['colcon_meta']
[0.424s] Level 1:colcon.colcon_core.package_identification:_identify(src/rplidar_ros) by extension 'colcon_meta'
[0.424s] Level 1:colcon.colcon_core.package_identification:_identify(src/rplidar_ros) by extensions ['ros']
[0.424s] Level 1:colcon.colcon_core.package_identification:_identify(src/rplidar_ros) by extension 'ros'
[0.424s] DEBUG:colcon.colcon_core.package_identification:Package 'src/rplidar_ros' with type 'ros.ament_cmake' and name 'rplidar_ros'
[0.424s] Level 1:colcon.colcon_core.package_discovery:discover_packages(recursive) using defaults
[0.424s] Level 1:colcon.colcon_core.package_discovery:discover_packages(ignore) discover
[0.424s] Level 1:colcon.colcon_core.package_discovery:discover_packages(ignore) using defaults
[0.424s] Level 1:colcon.colcon_core.package_discovery:discover_packages(path) discover
[0.424s] Level 1:colcon.colcon_core.package_discovery:discover_packages(path) using defaults
[0.462s] Level 1:colcon.colcon_core.package_discovery:discover_packages(prefix_path) check parameters
[0.462s] Level 1:colcon.colcon_core.package_discovery:discover_packages(prefix_path) discover
[0.473s] DEBUG:colcon.colcon_installed_package_information.package_discovery:Found 2 installed packages in /home/skynet/ros2_ws/install
[0.479s] DEBUG:colcon.colcon_installed_package_information.package_discovery:Found 275 installed packages in /opt/ros/humble
[0.479s] Level 1:colcon.colcon_core.package_discovery:discover_packages(prefix_path) using defaults
[0.518s] Level 5:colcon.colcon_core.verb:set package 'ros2_basics' build argument 'cmake_args' from command line to 'None'
[0.518s] Level 5:colcon.colcon_core.verb:set package 'ros2_basics' build argument 'cmake_target' from command line to 'None'
[0.518s] Level 5:colcon.colcon_core.verb:set package 'ros2_basics' build argument 'cmake_target_skip_unavailable' from command line to 'False'
[0.518s] Level 5:colcon.colcon_core.verb:set package 'ros2_basics' build argument 'cmake_clean_cache' from command line to 'False'
[0.518s] Level 5:colcon.colcon_core.verb:set package 'ros2_basics' build argument 'cmake_clean_first' from command line to 'False'
[0.518s] Level 5:colcon.colcon_core.verb:set package 'ros2_basics' build argument 'cmake_force_configure' from command line to 'False'
[0.518s] Level 5:colcon.colcon_core.verb:set package 'ros2_basics' build argument 'ament_cmake_args' from command line to 'None'
[0.518s] Level 5:colcon.colcon_core.verb:set package 'ros2_basics' build argument 'catkin_cmake_args' from command line to 'None'
[0.519s] Level 5:colcon.colcon_core.verb:set package 'ros2_basics' build argument 'catkin_skip_building_tests' from command line to 'False'
[0.519s] DEBUG:colcon.colcon_core.verb:Building package 'ros2_basics' with the following arguments: {'ament_cmake_args': None, 'build_base': '/home/skynet/ros2_ws/build/ros2_basics', 'catkin_cmake_args': None, 'catkin_skip_building_tests': False, 'cmake_args': None, 'cmake_clean_cache': False, 'cmake_clean_first': False, 'cmake_force_configure': False, 'cmake_target': None, 'cmake_target_skip_unavailable': False, 'install_base': '/home/skynet/ros2_ws/install/ros2_basics', 'merge_install': False, 'path': '/home/skynet/ros2_ws/src/ros2_basics', 'symlink_install': False, 'test_result_base': None}
[0.524s] Level 5:colcon.colcon_core.verb:set package 'rplidar_ros' build argument 'cmake_args' from command line to 'None'
[0.524s] Level 5:colcon.colcon_core.verb:set package 'rplidar_ros' build argument 'cmake_target' from command line to 'None'
[0.524s] Level 5:colcon.colcon_core.verb:set package 'rplidar_ros' build argument 'cmake_target_skip_unavailable' from command line to 'False'
[0.524s] Level 5:colcon.colcon_core.verb:set package 'rplidar_ros' build argument 'cmake_clean_cache' from command line to 'False'
[0.524s] Level 5:colcon.colcon_core.verb:set package 'rplidar_ros' build argument 'cmake_clean_first' from command line to 'False'
[0.524s] Level 5:colcon.colcon_core.verb:set package 'rplidar_ros' build argument 'cmake_force_configure' from command line to 'False'
[0.524s] Level 5:colcon.colcon_core.verb:set package 'rplidar_ros' build argument 'ament_cmake_args' from command line to 'None'
[0.524s] Level 5:colcon.colcon_core.verb:set package 'rplidar_ros' build argument 'catkin_cmake_args' from command line to 'None'
[0.524s] Level 5:colcon.colcon_core.verb:set package 'rplidar_ros' build argument 'catkin_skip_building_tests' from command line to 'False'
[0.524s] DEBUG:colcon.colcon_core.verb:Building package 'rplidar_ros' with the following arguments: {'ament_cmake_args': None, 'build_base': '/home/skynet/ros2_ws/build/rplidar_ros', 'catkin_cmake_args': None, 'catkin_skip_building_tests': False, 'cmake_args': None, 'cmake_clean_cache': False, 'cmake_clean_first': False, 'cmake_force_configure': False, 'cmake_target': None, 'cmake_target_skip_unavailable': False, 'install_base': '/home/skynet/ros2_ws/install/rplidar_ros', 'merge_install': False, 'path': '/home/skynet/ros2_ws/src/rplidar_ros', 'symlink_install': False, 'test_result_base': None}
[0.530s] INFO:colcon.colcon_core.executor:Executing jobs using 'parallel' executor
[0.536s] DEBUG:colcon.colcon_parallel_executor.executor.parallel:run_until_complete
[0.536s] INFO:colcon.colcon_ros.task.ament_python.build:Building ROS package in '/home/skynet/ros2_ws/src/ros2_basics' with build type 'ament_python'
[0.536s] Level 1:colcon.colcon_core.shell:create_environment_hook('ros2_basics', 'ament_prefix_path')
[0.542s] INFO:colcon.colcon_core.plugin_system:Skipping extension 'colcon_core.shell.bat': Not used on non-Windows systems
[0.542s] INFO:colcon.colcon_core.shell:Creating environment hook '/home/skynet/ros2_ws/install/ros2_basics/share/ros2_basics/hook/ament_prefix_path.ps1'
[0.543s] INFO:colcon.colcon_core.shell:Creating environment descriptor '/home/skynet/ros2_ws/install/ros2_basics/share/ros2_basics/hook/ament_prefix_path.dsv'
[0.543s] INFO:colcon.colcon_core.shell:Creating environment hook '/home/skynet/ros2_ws/install/ros2_basics/share/ros2_basics/hook/ament_prefix_path.sh'
[0.549s] INFO:colcon.colcon_core.shell:Skip shell extension 'powershell' for command environment: Not usable outside of PowerShell
[0.549s] DEBUG:colcon.colcon_core.shell:Skip shell extension 'dsv' for command environment
[0.566s] INFO:colcon.colcon_ros.task.ament_cmake.build:Building ROS package in '/home/skynet/ros2_ws/src/rplidar_ros' with build type 'ament_cmake'
[0.566s] INFO:colcon.colcon_cmake.task.cmake.build:Building CMake package in '/home/skynet/ros2_ws/src/rplidar_ros'
[0.572s] INFO:colcon.colcon_core.shell:Skip shell extension 'powershell' for command environment: Not usable outside of PowerShell
[0.572s] DEBUG:colcon.colcon_core.shell:Skip shell extension 'dsv' for command environment
[0.709s] INFO:colcon.colcon_core.task.python.build:Building Python package in '/home/skynet/ros2_ws/src/ros2_basics'
[0.720s] INFO:colcon.colcon_core.shell:Skip shell extension 'powershell' for command environment: Not usable outside of PowerShell
[0.720s] DEBUG:colcon.colcon_core.shell:Skip shell extension 'dsv' for command environment
[0.741s] DEBUG:colcon.colcon_core.event_handler.log_command:Invoking command in '/home/skynet/ros2_ws/build/rplidar_ros': CMAKE_PREFIX_PATH=${CMAKE_PREFIX_PATH}:/home/skynet/ros2_ws/install/ros2_basics:/opt/ros/humble /usr/bin/cmake --build /home/skynet/ros2_ws/build/rplidar_ros -- -j16 -l16
[0.781s] DEBUG:colcon.colcon_core.event_handler.log_command:Invoked command in '/home/skynet/ros2_ws/build/rplidar_ros' returned '0': CMAKE_PREFIX_PATH=${CMAKE_PREFIX_PATH}:/home/skynet/ros2_ws/install/ros2_basics:/opt/ros/humble /usr/bin/cmake --build /home/skynet/ros2_ws/build/rplidar_ros -- -j16 -l16
[0.809s] DEBUG:colcon.colcon_core.event_handler.log_command:Invoking command in '/home/skynet/ros2_ws/build/rplidar_ros': CMAKE_PREFIX_PATH=${CMAKE_PREFIX_PATH}:/home/skynet/ros2_ws/install/ros2_basics:/opt/ros/humble /usr/bin/cmake --install /home/skynet/ros2_ws/build/rplidar_ros
[0.822s] Level 1:colcon.colcon_core.environment:create_environment_scripts_only(rplidar_ros)
[0.822s] DEBUG:colcon.colcon_core.event_handler.log_command:Invoked command in '/home/skynet/ros2_ws/build/rplidar_ros' returned '0': CMAKE_PREFIX_PATH=${CMAKE_PREFIX_PATH}:/home/skynet/ros2_ws/install/ros2_basics:/opt/ros/humble /usr/bin/cmake --install /home/skynet/ros2_ws/build/rplidar_ros
[0.830s] Level 1:colcon.colcon_core.environment:checking '/home/skynet/ros2_ws/install/rplidar_ros' for CMake module files
[0.830s] Level 1:colcon.colcon_core.environment:checking '/home/skynet/ros2_ws/install/rplidar_ros' for CMake config files
[0.830s] Level 1:colcon.colcon_core.shell:create_environment_hook('rplidar_ros', 'cmake_prefix_path')
[0.836s] INFO:colcon.colcon_core.shell:Creating environment hook '/home/skynet/ros2_ws/install/rplidar_ros/share/rplidar_ros/hook/cmake_prefix_path.ps1'
[0.836s] INFO:colcon.colcon_core.shell:Creating environment descriptor '/home/skynet/ros2_ws/install/rplidar_ros/share/rplidar_ros/hook/cmake_prefix_path.dsv'
[0.836s] INFO:colcon.colcon_core.shell:Creating environment hook '/home/skynet/ros2_ws/install/rplidar_ros/share/rplidar_ros/hook/cmake_prefix_path.sh'
[0.837s] Level 1:colcon.colcon_core.environment:checking '/home/skynet/ros2_ws/install/rplidar_ros/lib'
[0.837s] Level 1:colcon.colcon_core.environment:checking '/home/skynet/ros2_ws/install/rplidar_ros/bin'
[0.837s] Level 1:colcon.colcon_core.environment:checking '/home/skynet/ros2_ws/install/rplidar_ros/lib/pkgconfig/rplidar_ros.pc'
[0.837s] Level 1:colcon.colcon_core.environment:checking '/home/skynet/ros2_ws/install/rplidar_ros/lib/python3.10/site-packages'
[0.837s] Level 1:colcon.colcon_core.environment:checking '/home/skynet/ros2_ws/install/rplidar_ros/bin'
[0.843s] INFO:colcon.colcon_core.shell:Creating package script '/home/skynet/ros2_ws/install/rplidar_ros/share/rplidar_ros/package.ps1'
[0.843s] INFO:colcon.colcon_core.shell:Creating package descriptor '/home/skynet/ros2_ws/install/rplidar_ros/share/rplidar_ros/package.dsv'
[0.843s] INFO:colcon.colcon_core.shell:Creating package script '/home/skynet/ros2_ws/install/rplidar_ros/share/rplidar_ros/package.sh'
[0.844s] INFO:colcon.colcon_core.shell:Creating package script '/home/skynet/ros2_ws/install/rplidar_ros/share/rplidar_ros/package.bash'
[0.844s] INFO:colcon.colcon_core.shell:Creating package script '/home/skynet/ros2_ws/install/rplidar_ros/share/rplidar_ros/package.zsh'
[0.844s] Level 1:colcon.colcon_core.environment:create_file_with_runtime_dependencies(/home/skynet/ros2_ws/install/rplidar_ros/share/colcon-core/packages/rplidar_ros)
[0.877s] Level 1:colcon.colcon_core.environment:create_environment_scripts_only(rplidar_ros)
[0.883s] Level 1:colcon.colcon_core.environment:checking '/home/skynet/ros2_ws/install/rplidar_ros' for CMake module files
[0.883s] Level 1:colcon.colcon_core.environment:checking '/home/skynet/ros2_ws/install/rplidar_ros' for CMake config files
[0.884s] Level 1:colcon.colcon_core.shell:create_environment_hook('rplidar_ros', 'cmake_prefix_path')
[0.889s] INFO:colcon.colcon_core.shell:Creating environment hook '/home/skynet/ros2_ws/install/rplidar_ros/share/rplidar_ros/hook/cmake_prefix_path.ps1'
[0.890s] INFO:colcon.colcon_core.shell:Creating environment descriptor '/home/skynet/ros2_ws/install/rplidar_ros/share/rplidar_ros/hook/cmake_prefix_path.dsv'
[0.890s] INFO:colcon.colcon_core.shell:Creating environment hook '/home/skynet/ros2_ws/install/rplidar_ros/share/rplidar_ros/hook/cmake_prefix_path.sh'
[0.890s] Level 1:colcon.colcon_core.environment:checking '/home/skynet/ros2_ws/install/rplidar_ros/lib'
[0.890s] Level 1:colcon.colcon_core.environment:checking '/home/skynet/ros2_ws/install/rplidar_ros/bin'
[0.890s] Level 1:colcon.colcon_core.environment:checking '/home/skynet/ros2_ws/install/rplidar_ros/lib/pkgconfig/rplidar_ros.pc'
[0.890s] Level 1:colcon.colcon_core.environment:checking '/home/skynet/ros2_ws/install/rplidar_ros/lib/python3.10/site-packages'
[0.890s] Level 1:colcon.colcon_core.environment:checking '/home/skynet/ros2_ws/install/rplidar_ros/bin'
[0.896s] INFO:colcon.colcon_core.shell:Creating package script '/home/skynet/ros2_ws/install/rplidar_ros/share/rplidar_ros/package.ps1'
[0.896s] INFO:colcon.colcon_core.shell:Creating package descriptor '/home/skynet/ros2_ws/install/rplidar_ros/share/rplidar_ros/package.dsv'
[0.897s] INFO:colcon.colcon_core.shell:Creating package script '/home/skynet/ros2_ws/install/rplidar_ros/share/rplidar_ros/package.sh'
[0.897s] INFO:colcon.colcon_core.shell:Creating package script '/home/skynet/ros2_ws/install/rplidar_ros/share/rplidar_ros/package.bash'
[0.897s] INFO:colcon.colcon_core.shell:Creating package script '/home/skynet/ros2_ws/install/rplidar_ros/share/rplidar_ros/package.zsh'
[0.897s] Level 1:colcon.colcon_core.environment:create_file_with_runtime_dependencies(/home/skynet/ros2_ws/install/rplidar_ros/share/colcon-core/packages/rplidar_ros)
[0.915s] DEBUG:colcon.colcon_core.event_handler.log_command:Invoking command in '/home/skynet/ros2_ws/src/ros2_basics': PYTHONPATH=/home/skynet/ros2_ws/build/ros2_basics/prefix_override:/home/skynet/ros2_ws/install/ros2_basics/lib/python3.10/site-packages:${PYTHONPATH} /usr/bin/python3 setup.py egg_info --egg-base ../../build/ros2_basics build --build-base /home/skynet/ros2_ws/build/ros2_basics/build install --record /home/skynet/ros2_ws/build/ros2_basics/install.log --single-version-externally-managed
[1.051s] DEBUG:colcon.colcon_core.event_handler.log_command:Invoked command in '/home/skynet/ros2_ws/src/ros2_basics' returned '0': PYTHONPATH=/home/skynet/ros2_ws/build/ros2_basics/prefix_override:/home/skynet/ros2_ws/install/ros2_basics/lib/python3.10/site-packages:${PYTHONPATH} /usr/bin/python3 setup.py egg_info --egg-base ../../build/ros2_basics build --build-base /home/skynet/ros2_ws/build/ros2_basics/build install --record /home/skynet/ros2_ws/build/ros2_basics/install.log --single-version-externally-managed
[1.057s] Level 1:colcon.colcon_core.environment:checking '/home/skynet/ros2_ws/install/ros2_basics' for CMake module files
[1.057s] Level 1:colcon.colcon_core.environment:checking '/home/skynet/ros2_ws/install/ros2_basics' for CMake config files
[1.058s] Level 1:colcon.colcon_core.environment:checking '/home/skynet/ros2_ws/install/ros2_basics/lib'
[1.058s] Level 1:colcon.colcon_core.environment:checking '/home/skynet/ros2_ws/install/ros2_basics/bin'
[1.058s] Level 1:colcon.colcon_core.environment:checking '/home/skynet/ros2_ws/install/ros2_basics/lib/pkgconfig/ros2_basics.pc'
[1.058s] Level 1:colcon.colcon_core.environment:checking '/home/skynet/ros2_ws/install/ros2_basics/lib/python3.10/site-packages'
[1.058s] Level 1:colcon.colcon_core.shell:create_environment_hook('ros2_basics', 'pythonpath')
[1.064s] INFO:colcon.colcon_core.shell:Creating environment hook '/home/skynet/ros2_ws/install/ros2_basics/share/ros2_basics/hook/pythonpath.ps1'
[1.064s] INFO:colcon.colcon_core.shell:Creating environment descriptor '/home/skynet/ros2_ws/install/ros2_basics/share/ros2_basics/hook/pythonpath.dsv'
[1.064s] INFO:colcon.colcon_core.shell:Creating environment hook '/home/skynet/ros2_ws/install/ros2_basics/share/ros2_basics/hook/pythonpath.sh'
[1.064s] Level 1:colcon.colcon_core.environment:checking '/home/skynet/ros2_ws/install/ros2_basics/bin'
[1.064s] Level 1:colcon.colcon_core.environment:create_environment_scripts_only(ros2_basics)
[1.070s] INFO:colcon.colcon_core.shell:Creating package script '/home/skynet/ros2_ws/install/ros2_basics/share/ros2_basics/package.ps1'
[1.070s] INFO:colcon.colcon_core.shell:Creating package descriptor '/home/skynet/ros2_ws/install/ros2_basics/share/ros2_basics/package.dsv'
[1.070s] INFO:colcon.colcon_core.shell:Creating package script '/home/skynet/ros2_ws/install/ros2_basics/share/ros2_basics/package.sh'
[1.070s] INFO:colcon.colcon_core.shell:Creating package script '/home/skynet/ros2_ws/install/ros2_basics/share/ros2_basics/package.bash'
[1.071s] INFO:colcon.colcon_core.shell:Creating package script '/home/skynet/ros2_ws/install/ros2_basics/share/ros2_basics/package.zsh'
[1.071s] Level 1:colcon.colcon_core.environment:create_file_with_runtime_dependencies(/home/skynet/ros2_ws/install/ros2_basics/share/colcon-core/packages/ros2_basics)
[1.071s] DEBUG:colcon.colcon_parallel_executor.executor.parallel:closing loop
[1.071s] DEBUG:colcon.colcon_parallel_executor.executor.parallel:loop closed
[1.071s] DEBUG:colcon.colcon_parallel_executor.executor.parallel:run_until_complete finished with '0'
[1.071s] DEBUG:colcon.colcon_core.event_reactor:joining thread
[1.080s] INFO:colcon.colcon_core.plugin_system:Skipping extension 'colcon_notification.desktop_notification.terminal_notifier': Not used on non-Darwin systems
[1.080s] INFO:colcon.colcon_core.plugin_system:Skipping extension 'colcon_notification.desktop_notification.win32': Not used on non-Windows systems
[1.080s] INFO:colcon.colcon_notification.desktop_notification:Sending desktop notification using 'notify2'
[1.088s] DEBUG:colcon.colcon_core.event_reactor:joined thread
[1.094s] INFO:colcon.colcon_core.shell:Creating prefix script '/home/skynet/ros2_ws/install/local_setup.ps1'
[1.095s] INFO:colcon.colcon_core.shell:Creating prefix util module '/home/skynet/ros2_ws/install/_local_setup_util_ps1.py'
[1.095s] INFO:colcon.colcon_core.shell:Creating prefix chain script '/home/skynet/ros2_ws/install/setup.ps1'
[1.101s] INFO:colcon.colcon_core.shell:Creating prefix script '/home/skynet/ros2_ws/install/local_setup.sh'
[1.102s] INFO:colcon.colcon_core.shell:Creating prefix util module '/home/skynet/ros2_ws/install/_local_setup_util_sh.py'
[1.102s] INFO:colcon.colcon_core.shell:Creating prefix chain script '/home/skynet/ros2_ws/install/setup.sh'
[1.108s] INFO:colcon.colcon_core.shell:Creating prefix script '/home/skynet/ros2_ws/install/local_setup.bash'
[1.108s] INFO:colcon.colcon_core.shell:Creating prefix chain script '/home/skynet/ros2_ws/install/setup.bash'
[1.114s] INFO:colcon.colcon_core.shell:Creating prefix script '/home/skynet/ros2_ws/install/local_setup.zsh'
[1.114s] INFO:colcon.colcon_core.shell:Creating prefix chain script '/home/skynet/ros2_ws/install/setup.zsh'
