[0.358s] Invoking command in '/home/skynet/ros2_ws/src/ros2_basics': PYTHONPATH=/home/skynet/ros2_ws/build/ros2_basics/prefix_override:/home/skynet/ros2_ws/install/ros2_basics/lib/python3.10/site-packages:${PYTHONPATH} /usr/bin/python3 setup.py egg_info --egg-base ../../build/ros2_basics build --build-base /home/skynet/ros2_ws/build/ros2_basics/build install --record /home/skynet/ros2_ws/build/ros2_basics/install.log --single-version-externally-managed
[0.466s] running egg_info
[0.467s] writing ../../build/ros2_basics/ros2_basics.egg-info/PKG-INFO
[0.467s] writing dependency_links to ../../build/ros2_basics/ros2_basics.egg-info/dependency_links.txt
[0.467s] writing entry points to ../../build/ros2_basics/ros2_basics.egg-info/entry_points.txt
[0.467s] writing requirements to ../../build/ros2_basics/ros2_basics.egg-info/requires.txt
[0.467s] writing top-level names to ../../build/ros2_basics/ros2_basics.egg-info/top_level.txt
[0.468s] reading manifest file '../../build/ros2_basics/ros2_basics.egg-info/SOURCES.txt'
[0.468s] writing manifest file '../../build/ros2_basics/ros2_basics.egg-info/SOURCES.txt'
[0.468s] running build
[0.468s] running build_py
[0.468s] running install
[0.468s] /usr/lib/python3/dist-packages/setuptools/command/install.py:34: SetuptoolsDeprecationWarning: setup.py install is deprecated. Use build and pip and other standards-based tools.
[0.468s]   warnings.warn(
[0.468s] running install_lib
[0.469s] running install_data
[0.469s] running install_egg_info
[0.470s] removing '/home/skynet/ros2_ws/install/ros2_basics/lib/python3.10/site-packages/ros2_basics-0.0.0-py3.10.egg-info' (and everything under it)
[0.470s] Copying ../../build/ros2_basics/ros2_basics.egg-info to /home/skynet/ros2_ws/install/ros2_basics/lib/python3.10/site-packages/ros2_basics-0.0.0-py3.10.egg-info
[0.470s] running install_scripts
[0.482s] writing list of installed files to '/home/skynet/ros2_ws/build/ros2_basics/install.log'
[0.494s] Invoked command in '/home/skynet/ros2_ws/src/ros2_basics' returned '0': PYTHONPATH=/home/skynet/ros2_ws/build/ros2_basics/prefix_override:/home/skynet/ros2_ws/install/ros2_basics/lib/python3.10/site-packages:${PYTHONPATH} /usr/bin/python3 setup.py egg_info --egg-base ../../build/ros2_basics build --build-base /home/skynet/ros2_ws/build/ros2_basics/build install --record /home/skynet/ros2_ws/build/ros2_basics/install.log --single-version-externally-managed
