[0.168s] Invoking command in '/home/skynet/ros2_ws/build/rplidar_ros': CMAKE_PREFIX_PATH=${CMAKE_PREFIX_PATH}:/home/skynet/ros2_ws/install/ros2_basics:/opt/ros/humble /usr/bin/cmake --build /home/skynet/ros2_ws/build/rplidar_ros -- -j16 -l16
[0.201s] [  7%] Built target rplidar_client
[0.203s] [ 96%] Built target rplidar_node
[0.203s] [100%] Built target rplidar_composition
[0.209s] Invoked command in '/home/skynet/ros2_ws/build/rplidar_ros' returned '0': CMAKE_PREFIX_PATH=${CMAKE_PREFIX_PATH}:/home/skynet/ros2_ws/install/ros2_basics:/opt/ros/humble /usr/bin/cmake --build /home/skynet/ros2_ws/build/rplidar_ros -- -j16 -l16
[0.240s] Invoking command in '/home/skynet/ros2_ws/build/rplidar_ros': CMAKE_PREFIX_PATH=${CMAKE_PREFIX_PATH}:/home/skynet/ros2_ws/install/ros2_basics:/opt/ros/humble /usr/bin/cmake --install /home/skynet/ros2_ws/build/rplidar_ros
[0.244s] -- Install configuration: ""
[0.244s] -- Execute custom install script
[0.245s] -- Up-to-date symlink: /home/skynet/ros2_ws/install/rplidar_ros/share/rplidar_ros/launch/rplidar_a1_launch.py
[0.245s] -- Up-to-date symlink: /home/skynet/ros2_ws/install/rplidar_ros/share/rplidar_ros/launch/rplidar_a2m12_launch.py
[0.245s] -- Up-to-date symlink: /home/skynet/ros2_ws/install/rplidar_ros/share/rplidar_ros/launch/rplidar_a2m7_launch.py
[0.245s] -- Up-to-date symlink: /home/skynet/ros2_ws/install/rplidar_ros/share/rplidar_ros/launch/rplidar_a2m8_launch.py
[0.245s] -- Up-to-date symlink: /home/skynet/ros2_ws/install/rplidar_ros/share/rplidar_ros/launch/rplidar_a3_launch.py
[0.245s] -- Up-to-date symlink: /home/skynet/ros2_ws/install/rplidar_ros/share/rplidar_ros/launch/rplidar_s1_launch.py
[0.245s] -- Up-to-date symlink: /home/skynet/ros2_ws/install/rplidar_ros/share/rplidar_ros/launch/rplidar_s1_tcp_launch.py
[0.245s] -- Up-to-date symlink: /home/skynet/ros2_ws/install/rplidar_ros/share/rplidar_ros/launch/rplidar_s2_launch.py
[0.245s] -- Up-to-date symlink: /home/skynet/ros2_ws/install/rplidar_ros/share/rplidar_ros/launch/rplidar_s2e_launch.py
[0.245s] -- Up-to-date symlink: /home/skynet/ros2_ws/install/rplidar_ros/share/rplidar_ros/launch/rplidar_s3_launch.py
[0.245s] -- Up-to-date symlink: /home/skynet/ros2_ws/install/rplidar_ros/share/rplidar_ros/launch/rplidar_t1_launch.py
[0.245s] -- Up-to-date symlink: /home/skynet/ros2_ws/install/rplidar_ros/share/rplidar_ros/launch/view_rplidar_a1_launch.py
[0.245s] -- Up-to-date symlink: /home/skynet/ros2_ws/install/rplidar_ros/share/rplidar_ros/launch/view_rplidar_a2m12_launch.py
[0.246s] -- Up-to-date symlink: /home/skynet/ros2_ws/install/rplidar_ros/share/rplidar_ros/launch/view_rplidar_a2m7_launch.py
[0.246s] -- Up-to-date symlink: /home/skynet/ros2_ws/install/rplidar_ros/share/rplidar_ros/launch/view_rplidar_a2m8_launch.py
[0.246s] -- Up-to-date symlink: /home/skynet/ros2_ws/install/rplidar_ros/share/rplidar_ros/launch/view_rplidar_a3_launch.py
[0.246s] -- Up-to-date symlink: /home/skynet/ros2_ws/install/rplidar_ros/share/rplidar_ros/launch/view_rplidar_s1_launch.py
[0.246s] -- Up-to-date symlink: /home/skynet/ros2_ws/install/rplidar_ros/share/rplidar_ros/launch/view_rplidar_s1_tcp_launch.py
[0.246s] -- Up-to-date symlink: /home/skynet/ros2_ws/install/rplidar_ros/share/rplidar_ros/launch/view_rplidar_s2_launch.py
[0.246s] -- Up-to-date symlink: /home/skynet/ros2_ws/install/rplidar_ros/share/rplidar_ros/launch/view_rplidar_s2e_launch.py
[0.246s] -- Up-to-date symlink: /home/skynet/ros2_ws/install/rplidar_ros/share/rplidar_ros/launch/view_rplidar_s3_launch.py
[0.246s] -- Up-to-date symlink: /home/skynet/ros2_ws/install/rplidar_ros/share/rplidar_ros/launch/view_rplidar_t1_launch.py
[0.246s] -- Up-to-date symlink: /home/skynet/ros2_ws/install/rplidar_ros/share/rplidar_ros/rviz/rplidar_ros.rviz
[0.246s] -- Up-to-date symlink: /home/skynet/ros2_ws/install/rplidar_ros/lib/rplidar_ros/rplidar_node
[0.246s] -- Up-to-date symlink: /home/skynet/ros2_ws/install/rplidar_ros/lib/rplidar_ros/rplidar_composition
[0.246s] -- Up-to-date symlink: /home/skynet/ros2_ws/install/rplidar_ros/lib/rplidar_ros/rplidar_client
[0.246s] -- Up-to-date symlink: /home/skynet/ros2_ws/install/rplidar_ros/share/ament_index/resource_index/package_run_dependencies/rplidar_ros
[0.246s] -- Up-to-date symlink: /home/skynet/ros2_ws/install/rplidar_ros/share/ament_index/resource_index/parent_prefix_path/rplidar_ros
[0.246s] -- Up-to-date symlink: /home/skynet/ros2_ws/install/rplidar_ros/share/rplidar_ros/environment/ament_prefix_path.sh
[0.246s] -- Up-to-date symlink: /home/skynet/ros2_ws/install/rplidar_ros/share/rplidar_ros/environment/ament_prefix_path.dsv
[0.246s] -- Up-to-date symlink: /home/skynet/ros2_ws/install/rplidar_ros/share/rplidar_ros/environment/path.sh
[0.246s] -- Up-to-date symlink: /home/skynet/ros2_ws/install/rplidar_ros/share/rplidar_ros/environment/path.dsv
[0.246s] -- Up-to-date symlink: /home/skynet/ros2_ws/install/rplidar_ros/share/rplidar_ros/local_setup.bash
[0.247s] -- Up-to-date symlink: /home/skynet/ros2_ws/install/rplidar_ros/share/rplidar_ros/local_setup.sh
[0.247s] -- Up-to-date symlink: /home/skynet/ros2_ws/install/rplidar_ros/share/rplidar_ros/local_setup.zsh
[0.247s] -- Up-to-date symlink: /home/skynet/ros2_ws/install/rplidar_ros/share/rplidar_ros/local_setup.dsv
[0.247s] -- Symlinking: /home/skynet/ros2_ws/install/rplidar_ros/share/rplidar_ros/package.dsv
[0.252s] -- Up-to-date symlink: /home/skynet/ros2_ws/install/rplidar_ros/share/ament_index/resource_index/packages/rplidar_ros
[0.252s] -- Up-to-date symlink: /home/skynet/ros2_ws/install/rplidar_ros/share/rplidar_ros/cmake/ament_cmake_export_dependencies-extras.cmake
[0.252s] -- Up-to-date symlink: /home/skynet/ros2_ws/install/rplidar_ros/share/rplidar_ros/cmake/ament_cmake_export_include_directories-extras.cmake
[0.252s] -- Up-to-date symlink: /home/skynet/ros2_ws/install/rplidar_ros/share/rplidar_ros/cmake/rplidar_rosConfig.cmake
[0.252s] -- Up-to-date symlink: /home/skynet/ros2_ws/install/rplidar_ros/share/rplidar_ros/cmake/rplidar_rosConfig-version.cmake
[0.252s] -- Up-to-date symlink: /home/skynet/ros2_ws/install/rplidar_ros/share/rplidar_ros/package.xml
[0.254s] Invoked command in '/home/skynet/ros2_ws/build/rplidar_ros' returned '0': CMAKE_PREFIX_PATH=${CMAKE_PREFIX_PATH}:/home/skynet/ros2_ws/install/ros2_basics:/opt/ros/humble /usr/bin/cmake --install /home/skynet/ros2_ws/build/rplidar_ros
