[0.156s] Invoking command in '/home/skynet/ros2_ws/build/rplidar_ros': CMAKE_PREFIX_PATH=/opt/ros/humble /usr/bin/cmake /home/skynet/ros2_ws/src/rplidar_ros -DCMAKE_INSTALL_PREFIX=/home/skynet/ros2_ws/install/rplidar_ros
[0.174s] -- Found ament_cmake: 1.3.5 (/opt/ros/humble/share/ament_cmake/cmake)
[0.253s] -- Override CMake install command with custom implementation using symlinks instead of copying resources
[0.263s] -- Found rclcpp: 16.0.6 (/opt/ros/humble/share/rclcpp/cmake)
[0.284s] -- Found rosidl_generator_c: 3.1.5 (/opt/ros/humble/share/rosidl_generator_c/cmake)
[0.286s] -- Found rosidl_adapter: 3.1.5 (/opt/ros/humble/share/rosidl_adapter/cmake)
[0.291s] -- Found rosidl_generator_cpp: 3.1.5 (/opt/ros/humble/share/rosidl_generator_cpp/cmake)
[0.298s] -- Using all available rosidl_typesupport_c: rosidl_typesupport_fastrtps_c;rosidl_typesupport_introspection_c
[0.309s] -- Using all available rosidl_typesupport_cpp: rosidl_typesupport_fastrtps_cpp;rosidl_typesupport_introspection_cpp
[0.347s] -- Found rmw_implementation_cmake: 6.1.1 (/opt/ros/humble/share/rmw_implementation_cmake/cmake)
[0.349s] -- Found rmw_fastrtps_cpp: 6.2.4 (/opt/ros/humble/share/rmw_fastrtps_cpp/cmake)
[0.414s] -- Using RMW implementation 'rmw_fastrtps_cpp' as default
[0.511s] -- Found sensor_msgs: 4.2.3 (/opt/ros/humble/share/sensor_msgs/cmake)
[0.581s] -- Found std_srvs: 4.2.3 (/opt/ros/humble/share/std_srvs/cmake)
[0.629s] -- Configuring done
[0.639s] -- Generating done
[0.640s] -- Build files have been written to: /home/skynet/ros2_ws/build/rplidar_ros
[0.646s] Invoked command in '/home/skynet/ros2_ws/build/rplidar_ros' returned '0': CMAKE_PREFIX_PATH=/opt/ros/humble /usr/bin/cmake /home/skynet/ros2_ws/src/rplidar_ros -DCMAKE_INSTALL_PREFIX=/home/skynet/ros2_ws/install/rplidar_ros
[0.646s] Invoking command in '/home/skynet/ros2_ws/build/rplidar_ros': CMAKE_PREFIX_PATH=/opt/ros/humble /usr/bin/cmake --build /home/skynet/ros2_ws/build/rplidar_ros -- -j16 -l16
[0.667s] [35m[1mConsolidate compiler generated dependencies of target rplidar_client[0m
[0.668s] [35m[1mConsolidate compiler generated dependencies of target rplidar_node[0m
[0.668s] [35m[1mConsolidate compiler generated dependencies of target rplidar_composition[0m
[0.686s] [  7%] Built target rplidar_client
[0.687s] [ 88%] Built target rplidar_node
[0.687s] [100%] Built target rplidar_composition
[0.693s] Invoked command in '/home/skynet/ros2_ws/build/rplidar_ros' returned '0': CMAKE_PREFIX_PATH=/opt/ros/humble /usr/bin/cmake --build /home/skynet/ros2_ws/build/rplidar_ros -- -j16 -l16
[0.723s] Invoking command in '/home/skynet/ros2_ws/build/rplidar_ros': CMAKE_PREFIX_PATH=/opt/ros/humble /usr/bin/cmake --install /home/skynet/ros2_ws/build/rplidar_ros
[0.727s] -- Install configuration: ""
[0.727s] -- Execute custom install script
[0.727s] -- Up-to-date symlink: /home/skynet/ros2_ws/install/rplidar_ros/share/rplidar_ros/launch/rplidar_a1_launch.py
[0.727s] -- Up-to-date symlink: /home/skynet/ros2_ws/install/rplidar_ros/share/rplidar_ros/launch/rplidar_a2m12_launch.py
[0.728s] -- Up-to-date symlink: /home/skynet/ros2_ws/install/rplidar_ros/share/rplidar_ros/launch/rplidar_a2m7_launch.py
[0.728s] -- Up-to-date symlink: /home/skynet/ros2_ws/install/rplidar_ros/share/rplidar_ros/launch/rplidar_a2m8_launch.py
[0.728s] -- Up-to-date symlink: /home/skynet/ros2_ws/install/rplidar_ros/share/rplidar_ros/launch/rplidar_a3_launch.py
[0.728s] -- Up-to-date symlink: /home/skynet/ros2_ws/install/rplidar_ros/share/rplidar_ros/launch/rplidar_s1_launch.py
[0.728s] -- Up-to-date symlink: /home/skynet/ros2_ws/install/rplidar_ros/share/rplidar_ros/launch/rplidar_s1_tcp_launch.py
[0.728s] -- Up-to-date symlink: /home/skynet/ros2_ws/install/rplidar_ros/share/rplidar_ros/launch/rplidar_s2_launch.py
[0.728s] -- Up-to-date symlink: /home/skynet/ros2_ws/install/rplidar_ros/share/rplidar_ros/launch/rplidar_s2e_launch.py
[0.728s] -- Up-to-date symlink: /home/skynet/ros2_ws/install/rplidar_ros/share/rplidar_ros/launch/rplidar_s3_launch.py
[0.728s] -- Up-to-date symlink: /home/skynet/ros2_ws/install/rplidar_ros/share/rplidar_ros/launch/rplidar_t1_launch.py
[0.728s] -- Up-to-date symlink: /home/skynet/ros2_ws/install/rplidar_ros/share/rplidar_ros/launch/view_rplidar_a1_launch.py
[0.728s] -- Up-to-date symlink: /home/skynet/ros2_ws/install/rplidar_ros/share/rplidar_ros/launch/view_rplidar_a2m12_launch.py
[0.728s] -- Up-to-date symlink: /home/skynet/ros2_ws/install/rplidar_ros/share/rplidar_ros/launch/view_rplidar_a2m7_launch.py
[0.728s] -- Up-to-date symlink: /home/skynet/ros2_ws/install/rplidar_ros/share/rplidar_ros/launch/view_rplidar_a2m8_launch.py
[0.728s] -- Up-to-date symlink: /home/skynet/ros2_ws/install/rplidar_ros/share/rplidar_ros/launch/view_rplidar_a3_launch.py
[0.728s] -- Up-to-date symlink: /home/skynet/ros2_ws/install/rplidar_ros/share/rplidar_ros/launch/view_rplidar_s1_launch.py
[0.728s] -- Up-to-date symlink: /home/skynet/ros2_ws/install/rplidar_ros/share/rplidar_ros/launch/view_rplidar_s1_tcp_launch.py
[0.728s] -- Up-to-date symlink: /home/skynet/ros2_ws/install/rplidar_ros/share/rplidar_ros/launch/view_rplidar_s2_launch.py
[0.728s] -- Up-to-date symlink: /home/skynet/ros2_ws/install/rplidar_ros/share/rplidar_ros/launch/view_rplidar_s2e_launch.py
[0.728s] -- Up-to-date symlink: /home/skynet/ros2_ws/install/rplidar_ros/share/rplidar_ros/launch/view_rplidar_s3_launch.py
[0.728s] -- Up-to-date symlink: /home/skynet/ros2_ws/install/rplidar_ros/share/rplidar_ros/launch/view_rplidar_t1_launch.py
[0.728s] -- Up-to-date symlink: /home/skynet/ros2_ws/install/rplidar_ros/share/rplidar_ros/rviz/rplidar_ros.rviz
[0.728s] -- Up-to-date symlink: /home/skynet/ros2_ws/install/rplidar_ros/lib/rplidar_ros/rplidar_node
[0.728s] -- Up-to-date symlink: /home/skynet/ros2_ws/install/rplidar_ros/lib/rplidar_ros/rplidar_composition
[0.728s] -- Up-to-date symlink: /home/skynet/ros2_ws/install/rplidar_ros/lib/rplidar_ros/rplidar_client
[0.728s] -- Up-to-date symlink: /home/skynet/ros2_ws/install/rplidar_ros/share/ament_index/resource_index/package_run_dependencies/rplidar_ros
[0.729s] -- Up-to-date symlink: /home/skynet/ros2_ws/install/rplidar_ros/share/ament_index/resource_index/parent_prefix_path/rplidar_ros
[0.729s] -- Up-to-date symlink: /home/skynet/ros2_ws/install/rplidar_ros/share/rplidar_ros/environment/ament_prefix_path.sh
[0.729s] -- Up-to-date symlink: /home/skynet/ros2_ws/install/rplidar_ros/share/rplidar_ros/environment/ament_prefix_path.dsv
[0.729s] -- Up-to-date symlink: /home/skynet/ros2_ws/install/rplidar_ros/share/rplidar_ros/environment/path.sh
[0.729s] -- Up-to-date symlink: /home/skynet/ros2_ws/install/rplidar_ros/share/rplidar_ros/environment/path.dsv
[0.729s] -- Up-to-date symlink: /home/skynet/ros2_ws/install/rplidar_ros/share/rplidar_ros/local_setup.bash
[0.729s] -- Up-to-date symlink: /home/skynet/ros2_ws/install/rplidar_ros/share/rplidar_ros/local_setup.sh
[0.729s] -- Up-to-date symlink: /home/skynet/ros2_ws/install/rplidar_ros/share/rplidar_ros/local_setup.zsh
[0.729s] -- Up-to-date symlink: /home/skynet/ros2_ws/install/rplidar_ros/share/rplidar_ros/local_setup.dsv
[0.729s] -- Symlinking: /home/skynet/ros2_ws/install/rplidar_ros/share/rplidar_ros/package.dsv
[0.733s] -- Up-to-date symlink: /home/skynet/ros2_ws/install/rplidar_ros/share/ament_index/resource_index/packages/rplidar_ros
[0.733s] -- Up-to-date symlink: /home/skynet/ros2_ws/install/rplidar_ros/share/rplidar_ros/cmake/ament_cmake_export_dependencies-extras.cmake
[0.733s] -- Up-to-date symlink: /home/skynet/ros2_ws/install/rplidar_ros/share/rplidar_ros/cmake/ament_cmake_export_include_directories-extras.cmake
[0.733s] -- Up-to-date symlink: /home/skynet/ros2_ws/install/rplidar_ros/share/rplidar_ros/cmake/rplidar_rosConfig.cmake
[0.733s] -- Up-to-date symlink: /home/skynet/ros2_ws/install/rplidar_ros/share/rplidar_ros/cmake/rplidar_rosConfig-version.cmake
[0.733s] -- Up-to-date symlink: /home/skynet/ros2_ws/install/rplidar_ros/share/rplidar_ros/package.xml
[0.734s] Invoked command in '/home/skynet/ros2_ws/build/rplidar_ros' returned '0': CMAKE_PREFIX_PATH=/opt/ros/humble /usr/bin/cmake --install /home/skynet/ros2_ws/build/rplidar_ros
