running egg_info
writing ../../build/ros2_basics/ros2_basics.egg-info/PKG-INFO
writing dependency_links to ../../build/ros2_basics/ros2_basics.egg-info/dependency_links.txt
writing entry points to ../../build/ros2_basics/ros2_basics.egg-info/entry_points.txt
writing requirements to ../../build/ros2_basics/ros2_basics.egg-info/requires.txt
writing top-level names to ../../build/ros2_basics/ros2_basics.egg-info/top_level.txt
reading manifest file '../../build/ros2_basics/ros2_basics.egg-info/SOURCES.txt'
writing manifest file '../../build/ros2_basics/ros2_basics.egg-info/SOURCES.txt'
running build
running build_py
running install
running install_lib
running install_data
creating /home/skynet/ros2_ws/install/ros2_basics/share/ros2_basics/launch
copying launch/robot_move.launch.py -> /home/skynet/ros2_ws/install/ros2_basics/share/ros2_basics/launch
running install_egg_info
removing '/home/skynet/ros2_ws/install/ros2_basics/lib/python3.10/site-packages/ros2_basics-0.0.0-py3.10.egg-info' (and everything under it)
Copying ../../build/ros2_basics/ros2_basics.egg-info to /home/skynet/ros2_ws/install/ros2_basics/lib/python3.10/site-packages/ros2_basics-0.0.0-py3.10.egg-info
running install_scripts
Installing basic_ros script to /home/skynet/ros2_ws/install/ros2_basics/lib/ros2_basics
writing list of installed files to '/home/skynet/ros2_ws/build/ros2_basics/install.log'
